  Drone3D.cpp
C:\Users\Stanciu\source\repos\tomover9000\Drone-Simulation\Drone-Simulation\Drone3D.cpp(243,19): warning C4838: conversion from 'double' to 'float' requires a narrowing conversion
C:\Users\Stanciu\source\repos\tomover9000\Drone-Simulation\Drone-Simulation\Drone3D.cpp(243,19): warning C4244: 'initializing': conversion from 'double' to 'float', possible loss of data
C:\Users\Stanciu\source\repos\tomover9000\Drone-Simulation\Drone-Simulation\Drone3D.cpp(243,26): warning C4838: conversion from 'double' to 'float' requires a narrowing conversion
C:\Users\Stanciu\source\repos\tomover9000\Drone-Simulation\Drone-Simulation\Drone3D.cpp(243,26): warning C4244: 'initializing': conversion from 'double' to 'float', possible loss of data
C:\Users\Stanciu\source\repos\tomover9000\Drone-Simulation\Drone-Simulation\Drone3D.cpp(243,34): warning C4838: conversion from 'double' to 'float' requires a narrowing conversion
C:\Users\Stanciu\source\repos\tomover9000\Drone-Simulation\Drone-Simulation\Drone3D.cpp(243,34): warning C4244: 'initializing': conversion from 'double' to 'float', possible loss of data
C:\Users\Stanciu\source\repos\tomover9000\Drone-Simulation\Drone-Simulation\Drone3D.cpp(248,39): warning C4305: 'initializing': truncation from 'double' to 'GLfloat'
C:\Users\Stanciu\source\repos\tomover9000\Drone-Simulation\Drone-Simulation\Drone3D.cpp(249,32): warning C4305: 'initializing': truncation from 'double' to 'GLfloat'
C:\Users\Stanciu\source\repos\tomover9000\Drone-Simulation\Drone-Simulation\Drone3D.cpp(257,31): warning C4838: conversion from 'double' to 'float' requires a narrowing conversion
C:\Users\Stanciu\source\repos\tomover9000\Drone-Simulation\Drone-Simulation\Drone3D.cpp(257,31): warning C4244: 'initializing': conversion from 'double' to 'float', possible loss of data
C:\Users\Stanciu\source\repos\tomover9000\Drone-Simulation\Drone-Simulation\Drone3D.cpp(257,45): warning C4838: conversion from 'double' to 'float' requires a narrowing conversion
C:\Users\Stanciu\source\repos\tomover9000\Drone-Simulation\Drone-Simulation\Drone3D.cpp(257,45): warning C4244: 'initializing': conversion from 'double' to 'float', possible loss of data
C:\Users\Stanciu\source\repos\tomover9000\Drone-Simulation\Drone-Simulation\Drone3D.cpp(257,63): warning C4838: conversion from 'double' to 'float' requires a narrowing conversion
C:\Users\Stanciu\source\repos\tomover9000\Drone-Simulation\Drone-Simulation\Drone3D.cpp(257,63): warning C4244: 'initializing': conversion from 'double' to 'float', possible loss of data
C:\Users\Stanciu\source\repos\tomover9000\Drone-Simulation\Drone-Simulation\Drone3D.cpp(258,12): warning C4838: conversion from 'double' to 'float' requires a narrowing conversion
C:\Users\Stanciu\source\repos\tomover9000\Drone-Simulation\Drone-Simulation\Drone3D.cpp(258,12): warning C4244: 'initializing': conversion from 'double' to 'float', possible loss of data
C:\Users\Stanciu\source\repos\tomover9000\Drone-Simulation\Drone-Simulation\Drone3D.cpp(258,27): warning C4838: conversion from 'double' to 'float' requires a narrowing conversion
C:\Users\Stanciu\source\repos\tomover9000\Drone-Simulation\Drone-Simulation\Drone3D.cpp(258,27): warning C4244: 'initializing': conversion from 'double' to 'float', possible loss of data
C:\Users\Stanciu\source\repos\tomover9000\Drone-Simulation\Drone-Simulation\Drone3D.cpp(258,45): warning C4838: conversion from 'double' to 'float' requires a narrowing conversion
C:\Users\Stanciu\source\repos\tomover9000\Drone-Simulation\Drone-Simulation\Drone3D.cpp(258,45): warning C4244: 'initializing': conversion from 'double' to 'float', possible loss of data
C:\Users\Stanciu\source\repos\tomover9000\Drone-Simulation\Drone-Simulation\Drone3D.cpp(259,12): warning C4838: conversion from 'double' to 'float' requires a narrowing conversion
C:\Users\Stanciu\source\repos\tomover9000\Drone-Simulation\Drone-Simulation\Drone3D.cpp(259,12): warning C4244: 'initializing': conversion from 'double' to 'float', possible loss of data
C:\Users\Stanciu\source\repos\tomover9000\Drone-Simulation\Drone-Simulation\Drone3D.cpp(259,27): warning C4838: conversion from 'double' to 'float' requires a narrowing conversion
C:\Users\Stanciu\source\repos\tomover9000\Drone-Simulation\Drone-Simulation\Drone3D.cpp(259,27): warning C4244: 'initializing': conversion from 'double' to 'float', possible loss of data
C:\Users\Stanciu\source\repos\tomover9000\Drone-Simulation\Drone-Simulation\Drone3D.cpp(259,44): warning C4838: conversion from 'double' to 'float' requires a narrowing conversion
C:\Users\Stanciu\source\repos\tomover9000\Drone-Simulation\Drone-Simulation\Drone3D.cpp(259,44): warning C4244: 'initializing': conversion from 'double' to 'float', possible loss of data
C:\Users\Stanciu\source\repos\tomover9000\Drone-Simulation\Drone-Simulation\Drone3D.cpp(260,13): warning C4838: conversion from 'double' to 'float' requires a narrowing conversion
C:\Users\Stanciu\source\repos\tomover9000\Drone-Simulation\Drone-Simulation\Drone3D.cpp(260,13): warning C4244: 'initializing': conversion from 'double' to 'float', possible loss of data
C:\Users\Stanciu\source\repos\tomover9000\Drone-Simulation\Drone-Simulation\Drone3D.cpp(260,27): warning C4838: conversion from 'double' to 'float' requires a narrowing conversion
C:\Users\Stanciu\source\repos\tomover9000\Drone-Simulation\Drone-Simulation\Drone3D.cpp(260,27): warning C4244: 'initializing': conversion from 'double' to 'float', possible loss of data
C:\Users\Stanciu\source\repos\tomover9000\Drone-Simulation\Drone-Simulation\Drone3D.cpp(260,44): warning C4838: conversion from 'double' to 'float' requires a narrowing conversion
C:\Users\Stanciu\source\repos\tomover9000\Drone-Simulation\Drone-Simulation\Drone3D.cpp(260,44): warning C4244: 'initializing': conversion from 'double' to 'float', possible loss of data
C:\Users\Stanciu\source\repos\tomover9000\Drone-Simulation\Drone-Simulation\Drone3D.cpp(283,46): warning C4244: '=': conversion from 'float' to 'int', possible loss of data
C:\Users\Stanciu\source\repos\tomover9000\Drone-Simulation\Drone-Simulation\Drone3D.cpp(284,46): warning C4244: '=': conversion from 'float' to 'int', possible loss of data
C:\Users\Stanciu\source\repos\tomover9000\Drone-Simulation\Drone-Simulation\Drone3D.cpp(285,21): warning C4838: conversion from 'int' to 'float' requires a narrowing conversion
C:\Users\Stanciu\source\repos\tomover9000\Drone-Simulation\Drone-Simulation\Drone3D.cpp(285,21): warning C4244: 'initializing': conversion from 'int' to 'float', possible loss of data
C:\Users\Stanciu\source\repos\tomover9000\Drone-Simulation\Drone-Simulation\Drone3D.cpp(285,31): warning C4838: conversion from 'int' to 'float' requires a narrowing conversion
C:\Users\Stanciu\source\repos\tomover9000\Drone-Simulation\Drone-Simulation\Drone3D.cpp(285,31): warning C4244: 'initializing': conversion from 'int' to 'float', possible loss of data
C:\Users\Stanciu\source\repos\tomover9000\Drone-Simulation\Drone-Simulation\Drone3D.cpp(290,84): warning C4838: conversion from 'double' to 'GLfloat' requires a narrowing conversion
C:\Users\Stanciu\source\repos\tomover9000\Drone-Simulation\Drone-Simulation\Drone3D.cpp(290,84): warning C4244: 'initializing': conversion from 'double' to 'GLfloat', possible loss of data
C:\Users\Stanciu\source\repos\tomover9000\Drone-Simulation\Drone-Simulation\Drone3D.cpp(339,60): warning C4244: 'argument': conversion from 'double' to 'GLfloat', possible loss of data
C:\Users\Stanciu\source\repos\tomover9000\Drone-Simulation\Drone-Simulation\Drone3D.cpp(339,40): warning C4244: 'argument': conversion from 'double' to 'GLfloat', possible loss of data
C:\Users\Stanciu\source\repos\tomover9000\Drone-Simulation\Drone-Simulation\Drone3D.cpp(339,20): warning C4244: 'argument': conversion from 'double' to 'GLfloat', possible loss of data
C:\Users\Stanciu\source\repos\tomover9000\Drone-Simulation\Drone-Simulation\Drone3D.cpp(343,43): warning C4244: 'argument': conversion from 'double' to 'GLfloat', possible loss of data
C:\Users\Stanciu\source\repos\tomover9000\Drone-Simulation\Drone-Simulation\Drone3D.cpp(343,32): warning C4244: 'argument': conversion from 'double' to 'GLfloat', possible loss of data
C:\Users\Stanciu\source\repos\tomover9000\Drone-Simulation\Drone-Simulation\Drone3D.cpp(343,21): warning C4244: 'argument': conversion from 'double' to 'GLfloat', possible loss of data
C:\Users\Stanciu\source\repos\tomover9000\Drone-Simulation\Drone-Simulation\Drone3D.cpp(344,18): warning C4244: 'argument': conversion from 'double' to 'GLfloat', possible loss of data
C:\Users\Stanciu\source\repos\tomover9000\Drone-Simulation\Drone-Simulation\Drone3D.cpp(345,18): warning C4244: 'argument': conversion from 'double' to 'GLfloat', possible loss of data
C:\Users\Stanciu\source\repos\tomover9000\Drone-Simulation\Drone-Simulation\Drone3D.cpp(346,18): warning C4244: 'argument': conversion from 'double' to 'GLfloat', possible loss of data
  Generating code
  3 of 35 functions ( 8.6%) were compiled, the rest were copied from previous compilation.
    0 functions were new in current compilation
    0 functions had inline decision re-evaluated but remain unchanged
  Finished generating code
  Drone-Simulation.vcxproj -> C:\Users\Stanciu\Source\Repos\tomover9000\Drone-Simulation\Drone-Simulation\x64\Release\Drone-Simulation.exe
